{
  "RSpec": {
    "coverage": {
      "/Users/andres/challenges/truco/app/models/user.rb": [
        1,
        1,
        null,
        1,
        1,
        1,
        null,
        null,
        1,
        null,
        null,
        null,
        1,
        0,
        null,
        null
      ],
      "/Users/andres/challenges/truco/app/models/application_record.rb": [
        1,
        1,
        null
      ],
      "/Users/andres/challenges/truco/app/uploaders/profile_photo_uploader.rb": [
        1,
        null,
        null,
        null,
        null,
        null,
        null,
        1,
        null,
        null,
        null,
        null,
        1,
        0,
        null,
        null,
        null,
        null,
        null,
        null,
        null,
        null,
        null,
        null,
        null,
        null,
        null,
        null,
        null,
        null,
        null,
        null,
        null,
        null,
        null,
        null,
        null,
        null,
        null,
        null,
        null,
        null,
        null,
        null,
        null,
        null,
        null,
        null,
        null
      ],
      "/Users/andres/challenges/truco/app/helpers/application_helper.rb": [
        1,
        null
      ],
      "/Users/andres/challenges/truco/app/channels/application_cable/channel.rb": [
        0,
        0,
        0,
        0
      ],
      "/Users/andres/challenges/truco/app/channels/application_cable/connection.rb": [
        0,
        0,
        0,
        0
      ],
      "/Users/andres/challenges/truco/app/controllers/application_controller.rb": [
        0,
        0,
        null,
        0,
        null,
        0,
        null,
        0,
        0,
        0,
        0,
        0,
        null,
        0
      ],
      "/Users/andres/challenges/truco/app/controllers/computer_controller.rb": [
        0,
        0,
        0,
        null,
        0,
        null,
        0,
        0,
        0,
        0,
        0,
        0
      ],
      "/Users/andres/challenges/truco/app/controllers/friend_controller.rb": [
        0,
        0,
        0,
        null,
        0,
        null,
        0,
        0,
        0,
        0,
        0,
        null,
        0
      ],
      "/Users/andres/challenges/truco/app/controllers/users_controller.rb": [
        0,
        0,
        null,
        0,
        0,
        null,
        0,
        0,
        0,
        0,
        0,
        0,
        0,
        0,
        0,
        null,
        0,
        0,
        0,
        0,
        0,
        null,
        0
      ],
      "/Users/andres/challenges/truco/app/controllers/welcome_controller.rb": [
        0,
        0,
        0,
        0,
        0,
        0,
        0
      ],
      "/Users/andres/challenges/truco/app/jobs/application_job.rb": [
        0,
        0
      ],
      "/Users/andres/challenges/truco/app/mailers/application_mailer.rb": [
        0,
        0,
        0,
        0
      ]
    },
    "timestamp": 1507454771
  }
}
